[0723/022427.598:ERROR:process_memory_win.cc(73)] ReadMemory at 0x1e01ac433f0 of 72 bytes failed: Only part of a ReadProcessMemory or WriteProcessMemory request was completed. (0x12B)
[0723/022427.600:WARNING:pe_image_annotations_reader.cc(134)] could not read annotations list object in C:\Program Files (x86)\Google\Chrome\Application\84.0.4147.89\chrome_elf.dll
[0723/022427.601:ERROR:process_memory_win.cc(73)] ReadMemory at 0x7ffe800a0000 of 64 bytes failed: Only part of a ReadProcessMemory or WriteProcessMemory request was completed. (0x12B)
[0723/022427.601:WARNING:pe_image_reader.cc(340)] could not read dos header from C:\Program Files (x86)\Google\Chrome\Application\84.0.4147.89\chrome.dll
[0723/022427.601:ERROR:process_memory_win.cc(73)] ReadMemory at 0x1e01b180000 of 64 bytes failed: Only part of a ReadProcessMemory or WriteProcessMemory request was completed. (0x12B)
[0723/022427.602:WARNING:pe_image_reader.cc(340)] could not read dos header from C:\WINDOWS\System32\shcore.dll
[0723/022427.602:ERROR:process_memory_win.cc(73)] ReadMemory at 0x7ff664870000 of 64 bytes failed: Only part of a ReadProcessMemory or WriteProcessMemory request was completed. (0x12B)
[0723/022427.602:WARNING:pe_image_reader.cc(340)] could not read dos header from C:\Program Files (x86)\Google\Chrome\Application\chrome.exe
[0723/022427.603:ERROR:process_memory_win.cc(73)] ReadMemory at 0x1e01ac433f0 of 72 bytes failed: Only part of a ReadProcessMemory or WriteProcessMemory request was completed. (0x12B)
[0723/022427.603:WARNING:pe_image_annotations_reader.cc(134)] could not read annotations list object in C:\Program Files (x86)\Google\Chrome\Application\84.0.4147.89\chrome_elf.dll
[0723/022427.603:ERROR:process_memory_win.cc(73)] ReadMemory at 0x7ffe800a0000 of 64 bytes failed: Only part of a ReadProcessMemory or WriteProcessMemory request was completed. (0x12B)
[0723/022427.603:WARNING:pe_image_reader.cc(340)] could not read dos header from C:\Program Files (x86)\Google\Chrome\Application\84.0.4147.89\chrome.dll
[0723/022427.604:ERROR:process_memory_win.cc(73)] ReadMemory at 0x1e01b180000 of 64 bytes failed: Only part of a ReadProcessMemory or WriteProcessMemory request was completed. (0x12B)
[0723/022427.604:WARNING:pe_image_reader.cc(340)] could not read dos header from C:\WINDOWS\System32\shcore.dll
[0723/022427.617:ERROR:process_memory_win.cc(73)] ReadMemory at 0x5b8b7f3000 of 53248 bytes failed: Only part of a ReadProcessMemory or WriteProcessMemory request was completed. (0x12B)
[0723/022427.618:ERROR:process_memory_win.cc(73)] ReadMemory at 0x5b8bffd000 of 12288 bytes failed: Only part of a ReadProcessMemory or WriteProcessMemory request was completed. (0x12B)
[0723/022427.618:ERROR:process_memory_win.cc(73)] ReadMemory at 0x5b8c7f4000 of 49152 bytes failed: Only part of a ReadProcessMemory or WriteProcessMemory request was completed. (0x12B)
[0723/022427.618:ERROR:process_memory_win.cc(73)] ReadMemory at 0x5b8cffc000 of 16384 bytes failed: Only part of a ReadProcessMemory or WriteProcessMemory request was completed. (0x12B)
[0723/022427.618:ERROR:process_memory_win.cc(73)] ReadMemory at 0x5b8d7fb000 of 20480 bytes failed: Only part of a ReadProcessMemory or WriteProcessMemory request was completed. (0x12B)
[0723/022427.618:ERROR:process_memory_win.cc(73)] ReadMemory at 0x5b8dffe000 of 8192 bytes failed: Only part of a ReadProcessMemory or WriteProcessMemory request was completed. (0x12B)
[0723/022427.618:ERROR:process_memory_win.cc(73)] ReadMemory at 0x5b8e7fd000 of 12288 bytes failed: Only part of a ReadProcessMemory or WriteProcessMemory request was completed. (0x12B)
[0723/022427.618:ERROR:process_memory_win.cc(73)] ReadMemory at 0x5b8effb000 of 20480 bytes failed: Only part of a ReadProcessMemory or WriteProcessMemory request was completed. (0x12B)
[0723/022427.618:ERROR:process_memory_win.cc(73)] ReadMemory at 0x5b8f7fd000 of 12288 bytes failed: Only part of a ReadProcessMemory or WriteProcessMemory request was completed. (0x12B)
[0723/022427.619:ERROR:process_memory_win.cc(73)] ReadMemory at 0x5b8fffd000 of 12288 bytes failed: Only part of a ReadProcessMemory or WriteProcessMemory request was completed. (0x12B)
[0723/022427.619:ERROR:process_memory_win.cc(73)] ReadMemory at 0x5b907fd000 of 12288 bytes failed: Only part of a ReadProcessMemory or WriteProcessMemory request was completed. (0x12B)
[0723/022427.619:ERROR:process_memory_win.cc(73)] ReadMemory at 0x5b90ffd000 of 12288 bytes failed: Only part of a ReadProcessMemory or WriteProcessMemory request was completed. (0x12B)
[0723/022427.619:ERROR:process_memory_win.cc(73)] ReadMemory at 0x5b917fd000 of 12288 bytes failed: Only part of a ReadProcessMemory or WriteProcessMemory request was completed. (0x12B)
[0723/022427.619:ERROR:process_memory_win.cc(73)] ReadMemory at 0x5b91ffd000 of 12288 bytes failed: Only part of a ReadProcessMemory or WriteProcessMemory request was completed. (0x12B)
[0723/022427.619:ERROR:process_memory_win.cc(73)] ReadMemory at 0x5b927fd000 of 12288 bytes failed: Only part of a ReadProcessMemory or WriteProcessMemory request was completed. (0x12B)
[0723/022427.619:ERROR:process_memory_win.cc(73)] ReadMemory at 0x5b92ffc000 of 16384 bytes failed: Only part of a ReadProcessMemory or WriteProcessMemory request was completed. (0x12B)
[0723/022427.619:ERROR:process_memory_win.cc(73)] ReadMemory at 0x5b93ffd000 of 12288 bytes failed: Only part of a ReadProcessMemory or WriteProcessMemory request was completed. (0x12B)
[0723/022427.619:ERROR:process_memory_win.cc(73)] ReadMemory at 0x5b937fd000 of 12288 bytes failed: Only part of a ReadProcessMemory or WriteProcessMemory request was completed. (0x12B)
[0723/022427.619:ERROR:process_memory_win.cc(73)] ReadMemory at 0x5b8ae63000 of 852 bytes failed: Only part of a ReadProcessMemory or WriteProcessMemory request was completed. (0x12B)
[0723/022427.619:ERROR:process_memory_win.cc(73)] ReadMemory at 0x5b8ae64000 of 6024 bytes failed: Only part of a ReadProcessMemory or WriteProcessMemory request was completed. (0x12B)
[0723/022427.620:ERROR:process_memory_win.cc(73)] ReadMemory at 0x5b8ae66000 of 6024 bytes failed: Only part of a ReadProcessMemory or WriteProcessMemory request was completed. (0x12B)
[0723/022427.620:ERROR:process_memory_win.cc(73)] ReadMemory at 0x5b8ae68000 of 6024 bytes failed: Only part of a ReadProcessMemory or WriteProcessMemory request was completed. (0x12B)
[0723/022427.620:ERROR:process_memory_win.cc(73)] ReadMemory at 0x5b8ae6a000 of 6024 bytes failed: Only part of a ReadProcessMemory or WriteProcessMemory request was completed. (0x12B)
[0723/022427.620:ERROR:process_memory_win.cc(73)] ReadMemory at 0x5b8ae6c000 of 6024 bytes failed: Only part of a ReadProcessMemory or WriteProcessMemory request was completed. (0x12B)
[0723/022427.620:ERROR:process_memory_win.cc(73)] ReadMemory at 0x5b8ae6e000 of 6024 bytes failed: Only part of a ReadProcessMemory or WriteProcessMemory request was completed. (0x12B)
[0723/022427.620:ERROR:process_memory_win.cc(73)] ReadMemory at 0x5b8ae70000 of 6024 bytes failed: Only part of a ReadProcessMemory or WriteProcessMemory request was completed. (0x12B)
[0723/022427.620:ERROR:process_memory_win.cc(73)] ReadMemory at 0x5b8ae72000 of 6024 bytes failed: Only part of a ReadProcessMemory or WriteProcessMemory request was completed. (0x12B)
[0723/022427.620:ERROR:process_memory_win.cc(73)] ReadMemory at 0x5b8ae74000 of 6024 bytes failed: Only part of a ReadProcessMemory or WriteProcessMemory request was completed. (0x12B)
[0723/022427.620:ERROR:process_memory_win.cc(73)] ReadMemory at 0x5b8ae76000 of 6024 bytes failed: Only part of a ReadProcessMemory or WriteProcessMemory request was completed. (0x12B)
[0723/022427.620:ERROR:process_memory_win.cc(73)] ReadMemory at 0x5b8ae78000 of 6024 bytes failed: Only part of a ReadProcessMemory or WriteProcessMemory request was completed. (0x12B)
[0723/022427.620:ERROR:process_memory_win.cc(73)] ReadMemory at 0x5b8ae7a000 of 6024 bytes failed: Only part of a ReadProcessMemory or WriteProcessMemory request was completed. (0x12B)
[0723/022427.620:ERROR:process_memory_win.cc(73)] ReadMemory at 0x5b8ae7c000 of 6024 bytes failed: Only part of a ReadProcessMemory or WriteProcessMemory request was completed. (0x12B)
[0723/022427.620:ERROR:process_memory_win.cc(73)] ReadMemory at 0x5b8ae7e000 of 6024 bytes failed: Only part of a ReadProcessMemory or WriteProcessMemory request was completed. (0x12B)
[0723/022427.621:ERROR:process_memory_win.cc(73)] ReadMemory at 0x5b8ae80000 of 6024 bytes failed: Only part of a ReadProcessMemory or WriteProcessMemory request was completed. (0x12B)
[0723/022427.621:ERROR:process_memory_win.cc(73)] ReadMemory at 0x5b8ae82000 of 6024 bytes failed: Only part of a ReadProcessMemory or WriteProcessMemory request was completed. (0x12B)
[0723/022427.621:ERROR:process_memory_win.cc(73)] ReadMemory at 0x5b8ae84000 of 6024 bytes failed: Only part of a ReadProcessMemory or WriteProcessMemory request was completed. (0x12B)
[0723/022427.621:ERROR:process_memory_win.cc(73)] ReadMemory at 0x5b8ae86000 of 6024 bytes failed: Only part of a ReadProcessMemory or WriteProcessMemory request was completed. (0x12B)
[0723/022427.621:ERROR:process_memory_win.cc(73)] ReadMemory at 0x1e01ac30fe0 of 12074 bytes failed: Only part of a ReadProcessMemory or WriteProcessMemory request was completed. (0x12B)
[0723/022427.621:ERROR:process_memory_win.cc(73)] ReadMemory at 0x1e01ac33f20 of 1012 bytes failed: Only part of a ReadProcessMemory or WriteProcessMemory request was completed. (0x12B)
[0723/022427.621:ERROR:process_memory_win.cc(73)] ReadMemory at 0x1e01ac34568 of 118 bytes failed: Only part of a ReadProcessMemory or WriteProcessMemory request was completed. (0x12B)
[0723/022427.621:ERROR:process_memory_win.cc(73)] ReadMemory at 0x1e01ac345e0 of 752 bytes failed: Only part of a ReadProcessMemory or WriteProcessMemory request was completed. (0x12B)
[0723/022427.621:ERROR:process_memory_win.cc(73)] ReadMemory at 0x1e01ac348d2 of 118 bytes failed: Only part of a ReadProcessMemory or WriteProcessMemory request was completed. (0x12B)
[0723/022427.621:ERROR:process_memory_win.cc(73)] ReadMemory at 0x1e01ac3494a of 96 bytes failed: Only part of a ReadProcessMemory or WriteProcessMemory request was completed. (0x12B)
[0723/022427.621:ERROR:process_memory_win.cc(73)] ReadMemory at 0x1e01ac349c0 of 58 bytes failed: Only part of a ReadProcessMemory or WriteProcessMemory request was completed. (0x12B)
[0723/022427.621:ERROR:process_memory_win.cc(73)] ReadMemory at 0x1e01ac34ac0 of 132 bytes failed: Only part of a ReadProcessMemory or WriteProcessMemory request was completed. (0x12B)
[0723/022427.621:ERROR:process_memory_win.cc(73)] ReadMemory at 0x1e01ac34c50 of 132 bytes failed: Only part of a ReadProcessMemory or WriteProcessMemory request was completed. (0x12B)
[0723/022427.621:ERROR:process_memory_win.cc(73)] ReadMemory at 0x1e01ac34e10 of 124 bytes failed: Only part of a ReadProcessMemory or WriteProcessMemory request was completed. (0x12B)
[0723/022427.621:ERROR:process_memory_win.cc(73)] ReadMemory at 0x1e01ac351f0 of 132 bytes failed: Only part of a ReadProcessMemory or WriteProcessMemory request was completed. (0x12B)
[0723/022427.622:ERROR:process_memory_win.cc(73)] ReadMemory at 0x1e01ac35380 of 64 bytes failed: Only part of a ReadProcessMemory or WriteProcessMemory request was completed. (0x12B)
[0723/022427.622:ERROR:process_memory_win.cc(73)] ReadMemory at 0x1e01ac35540 of 132 bytes failed: Only part of a ReadProcessMemory or WriteProcessMemory request was completed. (0x12B)
[0723/022427.622:ERROR:process_memory_win.cc(73)] ReadMemory at 0x1e01ac357e0 of 132 bytes failed: Only part of a ReadProcessMemory or WriteProcessMemory request was completed. (0x12B)
[0723/022427.622:ERROR:process_memory_win.cc(73)] ReadMemory at 0x1e01ac35970 of 68 bytes failed: Only part of a ReadProcessMemory or WriteProcessMemory request was completed. (0x12B)
[0723/022427.622:ERROR:process_memory_win.cc(73)] ReadMemory at 0x1e01ac36a40 of 132 bytes failed: Only part of a ReadProcessMemory or WriteProcessMemory request was completed. (0x12B)
[0723/022427.622:ERROR:process_memory_win.cc(73)] ReadMemory at 0x1e01ac36bd0 of 152 bytes failed: Only part of a ReadProcessMemory or WriteProcessMemory request was completed. (0x12B)
[0723/022428.014:ERROR:process_memory_win.cc(73)] ReadMemory at 0x1e01ac3ae20 of 62 bytes failed: Only part of a ReadProcessMemory or WriteProcessMemory request was completed. (0x12B)
[0723/022428.014:ERROR:process_memory_win.cc(73)] ReadMemory at 0x1e01ac3af80 of 132 bytes failed: Only part of a ReadProcessMemory or WriteProcessMemory request was completed. (0x12B)
[0723/022428.014:ERROR:process_memory_win.cc(73)] ReadMemory at 0x1e01ac3b110 of 60 bytes failed: Only part of a ReadProcessMemory or WriteProcessMemory request was completed. (0x12B)
[0723/022428.014:ERROR:process_memory_win.cc(73)] ReadMemory at 0x1e01ac3fc10 of 80 bytes failed: Only part of a ReadProcessMemory or WriteProcessMemory request was completed. (0x12B)
[0723/022428.014:ERROR:process_memory_win.cc(73)] ReadMemory at 0x1e01ac42570 of 54 bytes failed: Only part of a ReadProcessMemory or WriteProcessMemory request was completed. (0x12B)
[0723/022428.014:ERROR:process_memory_win.cc(73)] ReadMemory at 0x1e01ac42f40 of 62 bytes failed: Only part of a ReadProcessMemory or WriteProcessMemory request was completed. (0x12B)
[0723/022428.015:ERROR:process_memory_win.cc(73)] ReadMemory at 0x1e01ac43170 of 60 bytes failed: Only part of a ReadProcessMemory or WriteProcessMemory request was completed. (0x12B)
[0723/022428.015:ERROR:process_memory_win.cc(73)] ReadMemory at 0x1e01ac435d0 of 64 bytes failed: Only part of a ReadProcessMemory or WriteProcessMemory request was completed. (0x12B)
[0723/022428.015:ERROR:process_memory_win.cc(73)] ReadMemory at 0x1e01ac479b0 of 132 bytes failed: Only part of a ReadProcessMemory or WriteProcessMemory request was completed. (0x12B)
[0723/022428.015:ERROR:process_memory_win.cc(73)] ReadMemory at 0x1e01ac48640 of 132 bytes failed: Only part of a ReadProcessMemory or WriteProcessMemory request was completed. (0x12B)
[0723/022428.015:ERROR:process_memory_win.cc(73)] ReadMemory at 0x1e01ac48860 of 132 bytes failed: Only part of a ReadProcessMemory or WriteProcessMemory request was completed. (0x12B)
[0723/022428.015:ERROR:process_memory_win.cc(73)] ReadMemory at 0x1e01ac48d10 of 132 bytes failed: Only part of a ReadProcessMemory or WriteProcessMemory request was completed. (0x12B)
[0723/022428.015:ERROR:process_memory_win.cc(73)] ReadMemory at 0x1e01ac48e90 of 132 bytes failed: Only part of a ReadProcessMemory or WriteProcessMemory request was completed. (0x12B)
[0723/022428.015:ERROR:process_memory_win.cc(73)] ReadMemory at 0x1e01ac48fc0 of 132 bytes failed: Only part of a ReadProcessMemory or WriteProcessMemory request was completed. (0x12B)
[0723/022428.015:ERROR:process_memory_win.cc(73)] ReadMemory at 0x1e01ac490f0 of 132 bytes failed: Only part of a ReadProcessMemory or WriteProcessMemory request was completed. (0x12B)
[0723/022428.015:ERROR:process_memory_win.cc(73)] ReadMemory at 0x1e01ac49220 of 132 bytes failed: Only part of a ReadProcessMemory or WriteProcessMemory request was completed. (0x12B)
[0723/022428.015:ERROR:process_memory_win.cc(73)] ReadMemory at 0x1e01ac49480 of 132 bytes failed: Only part of a ReadProcessMemory or WriteProcessMemory request was completed. (0x12B)
[0723/022428.015:ERROR:process_memory_win.cc(73)] ReadMemory at 0x1e01ac495b0 of 132 bytes failed: Only part of a ReadProcessMemory or WriteProcessMemory request was completed. (0x12B)
[0723/022428.015:ERROR:process_memory_win.cc(73)] ReadMemory at 0x1e01ac496e0 of 132 bytes failed: Only part of a ReadProcessMemory or WriteProcessMemory request was completed. (0x12B)
[0723/022428.015:ERROR:process_memory_win.cc(73)] ReadMemory at 0x1e01ac49810 of 132 bytes failed: Only part of a ReadProcessMemory or WriteProcessMemory request was completed. (0x12B)
[0723/022428.016:ERROR:process_memory_win.cc(73)] ReadMemory at 0x1e01ac49940 of 132 bytes failed: Only part of a ReadProcessMemory or WriteProcessMemory request was completed. (0x12B)
[0723/022428.016:ERROR:process_memory_win.cc(73)] ReadMemory at 0x1e01ac49a70 of 132 bytes failed: Only part of a ReadProcessMemory or WriteProcessMemory request was completed. (0x12B)
[0723/022428.016:ERROR:process_memory_win.cc(73)] ReadMemory at 0x1e01ac49ba0 of 132 bytes failed: Only part of a ReadProcessMemory or WriteProcessMemory request was completed. (0x12B)
[0723/022428.016:ERROR:process_memory_win.cc(73)] ReadMemory at 0x1e01ac49cd0 of 132 bytes failed: Only part of a ReadProcessMemory or WriteProcessMemory request was completed. (0x12B)
[0723/022428.016:ERROR:process_memory_win.cc(73)] ReadMemory at 0x1e01ac4cd30 of 132 bytes failed: Only part of a ReadProcessMemory or WriteProcessMemory request was completed. (0x12B)
[0723/022428.016:ERROR:process_memory_win.cc(73)] ReadMemory at 0x1e01ac4e9c0 of 132 bytes failed: Only part of a ReadProcessMemory or WriteProcessMemory request was completed. (0x12B)
[0723/022428.016:ERROR:process_memory_win.cc(73)] ReadMemory at 0x1e01ac4ed00 of 64 bytes failed: Only part of a ReadProcessMemory or WriteProcessMemory request was completed. (0x12B)
[0723/022428.016:ERROR:process_memory_win.cc(73)] ReadMemory at 0x1e01ac4edf0 of 60 bytes failed: Only part of a ReadProcessMemory or WriteProcessMemory request was completed. (0x12B)
[0723/022428.016:ERROR:process_memory_win.cc(73)] ReadMemory at 0x1e01ac4ee90 of 64 bytes failed: Only part of a ReadProcessMemory or WriteProcessMemory request was completed. (0x12B)
[0723/022428.016:ERROR:process_memory_win.cc(73)] ReadMemory at 0x1e01ac4eee0 of 58 bytes failed: Only part of a ReadProcessMemory or WriteProcessMemory request was completed. (0x12B)
[0723/022428.016:ERROR:process_memory_win.cc(73)] ReadMemory at 0x1e01ac4ef30 of 64 bytes failed: Only part of a ReadProcessMemory or WriteProcessMemory request was completed. (0x12B)
[0723/022428.016:ERROR:process_memory_win.cc(73)] ReadMemory at 0x1e01ac4f070 of 62 bytes failed: Only part of a ReadProcessMemory or WriteProcessMemory request was completed. (0x12B)
[0723/022428.017:ERROR:process_memory_win.cc(73)] ReadMemory at 0x1e01ac4f160 of 64 bytes failed: Only part of a ReadProcessMemory or WriteProcessMemory request was completed. (0x12B)
[0723/022428.017:ERROR:process_memory_win.cc(73)] ReadMemory at 0x1e01ac4f250 of 62 bytes failed: Only part of a ReadProcessMemory or WriteProcessMemory request was completed. (0x12B)
[0723/022428.017:ERROR:process_memory_win.cc(73)] ReadMemory at 0x1e01ac4f2a0 of 60 bytes failed: Only part of a ReadProcessMemory or WriteProcessMemory request was completed. (0x12B)
[0723/022428.017:ERROR:process_memory_win.cc(73)] ReadMemory at 0x1e01ac4f2f0 of 60 bytes failed: Only part of a ReadProcessMemory or WriteProcessMemory request was completed. (0x12B)
[0723/022428.017:ERROR:process_memory_win.cc(73)] ReadMemory at 0x1e01ac4f390 of 62 bytes failed: Only part of a ReadProcessMemory or WriteProcessMemory request was completed. (0x12B)
[0723/022428.017:ERROR:process_memory_win.cc(73)] ReadMemory at 0x1e01ac4f3e0 of 66 bytes failed: Only part of a ReadProcessMemory or WriteProcessMemory request was completed. (0x12B)
[0723/022428.017:ERROR:process_memory_win.cc(73)] ReadMemory at 0x1e01ac4f430 of 64 bytes failed: Only part of a ReadProcessMemory or WriteProcessMemory request was completed. (0x12B)
[0723/022428.017:ERROR:process_memory_win.cc(73)] ReadMemory at 0x1e01ac4f480 of 62 bytes failed: Only part of a ReadProcessMemory or WriteProcessMemory request was completed. (0x12B)
[0723/022428.017:ERROR:process_memory_win.cc(73)] ReadMemory at 0x1e01ac4f520 of 60 bytes failed: Only part of a ReadProcessMemory or WriteProcessMemory request was completed. (0x12B)
[0723/022428.017:ERROR:process_memory_win.cc(73)] ReadMemory at 0x1e01ac4f660 of 62 bytes failed: Only part of a ReadProcessMemory or WriteProcessMemory request was completed. (0x12B)
[0723/022428.017:ERROR:process_memory_win.cc(73)] ReadMemory at 0x1e01ac4f6b0 of 62 bytes failed: Only part of a ReadProcessMemory or WriteProcessMemory request was completed. (0x12B)
[0723/022428.017:ERROR:process_memory_win.cc(73)] ReadMemory at 0x1e01ac4f750 of 62 bytes failed: Only part of a ReadProcessMemory or WriteProcessMemory request was completed. (0x12B)
[0723/022428.017:ERROR:process_memory_win.cc(73)] ReadMemory at 0x1e01ac4f840 of 64 bytes failed: Only part of a ReadProcessMemory or WriteProcessMemory request was completed. (0x12B)
[0723/022428.017:ERROR:process_memory_win.cc(73)] ReadMemory at 0x1e01ac4f8e0 of 66 bytes failed: Only part of a ReadProcessMemory or WriteProcessMemory request was completed. (0x12B)
[0723/022428.017:ERROR:process_memory_win.cc(73)] ReadMemory at 0x1e01ac4f930 of 60 bytes failed: Only part of a ReadProcessMemory or WriteProcessMemory request was completed. (0x12B)
[0723/022428.017:ERROR:process_memory_win.cc(73)] ReadMemory at 0x1e01ac4f980 of 62 bytes failed: Only part of a ReadProcessMemory or WriteProcessMemory request was completed. (0x12B)
[0723/022428.018:ERROR:process_memory_win.cc(73)] ReadMemory at 0x1e01ac4f9d0 of 62 bytes failed: Only part of a ReadProcessMemory or WriteProcessMemory request was completed. (0x12B)
[0723/022428.018:ERROR:process_memory_win.cc(73)] ReadMemory at 0x1e01ac4fa20 of 64 bytes failed: Only part of a ReadProcessMemory or WriteProcessMemory request was completed. (0x12B)
[0723/022428.018:ERROR:process_memory_win.cc(73)] ReadMemory at 0x1e01ac50de0 of 132 bytes failed: Only part of a ReadProcessMemory or WriteProcessMemory request was completed. (0x12B)
[0723/022428.018:ERROR:process_memory_win.cc(73)] ReadMemory at 0x1e01ac50ff0 of 132 bytes failed: Only part of a ReadProcessMemory or WriteProcessMemory request was completed. (0x12B)
[0723/022428.018:ERROR:process_memory_win.cc(73)] ReadMemory at 0x1e01ac51680 of 132 bytes failed: Only part of a ReadProcessMemory or WriteProcessMemory request was completed. (0x12B)
[0723/022428.018:ERROR:process_memory_win.cc(73)] ReadMemory at 0x1e01ac51910 of 132 bytes failed: Only part of a ReadProcessMemory or WriteProcessMemory request was completed. (0x12B)
[0723/022428.018:ERROR:process_memory_win.cc(73)] ReadMemory at 0x1e01ac51ed0 of 144 bytes failed: Only part of a ReadProcessMemory or WriteProcessMemory request was completed. (0x12B)
[0723/022428.018:ERROR:process_memory_win.cc(73)] ReadMemory at 0x1e01ac56770 of 132 bytes failed: Only part of a ReadProcessMemory or WriteProcessMemory request was completed. (0x12B)
[0723/022428.018:ERROR:process_memory_win.cc(73)] ReadMemory at 0x1e01ac568a0 of 132 bytes failed: Only part of a ReadProcessMemory or WriteProcessMemory request was completed. (0x12B)
[0723/022428.018:ERROR:process_memory_win.cc(73)] ReadMemory at 0x1e01ac569d0 of 132 bytes failed: Only part of a ReadProcessMemory or WriteProcessMemory request was completed. (0x12B)
[0723/022428.018:ERROR:process_memory_win.cc(73)] ReadMemory at 0x1e01ac56d60 of 132 bytes failed: Only part of a ReadProcessMemory or WriteProcessMemory request was completed. (0x12B)
[0723/022428.018:ERROR:process_memory_win.cc(73)] ReadMemory at 0x1e01ac57350 of 132 bytes failed: Only part of a ReadProcessMemory or WriteProcessMemory request was completed. (0x12B)
[0723/022428.018:ERROR:process_memory_win.cc(73)] ReadMemory at 0x1e01ac57480 of 132 bytes failed: Only part of a ReadProcessMemory or WriteProcessMemory request was completed. (0x12B)
[0723/022428.018:ERROR:process_memory_win.cc(73)] ReadMemory at 0x1e01ac575b0 of 132 bytes failed: Only part of a ReadProcessMemory or WriteProcessMemory request was completed. (0x12B)
[0723/022428.018:ERROR:process_memory_win.cc(73)] ReadMemory at 0x1e01ac57940 of 132 bytes failed: Only part of a ReadProcessMemory or WriteProcessMemory request was completed. (0x12B)
[0723/022428.018:ERROR:process_memory_win.cc(73)] ReadMemory at 0x1e01ac57a70 of 132 bytes failed: Only part of a ReadProcessMemory or WriteProcessMemory request was completed. (0x12B)
[0723/022428.019:ERROR:process_memory_win.cc(73)] ReadMemory at 0x1e01ac57ba0 of 132 bytes failed: Only part of a ReadProcessMemory or WriteProcessMemory request was completed. (0x12B)
[0723/022428.019:ERROR:process_memory_win.cc(73)] ReadMemory at 0x1e01ac58610 of 76 bytes failed: Only part of a ReadProcessMemory or WriteProcessMemory request was completed. (0x12B)
[0723/022428.019:ERROR:process_memory_win.cc(73)] ReadMemory at 0x1e01ac586d0 of 80 bytes failed: Only part of a ReadProcessMemory or WriteProcessMemory request was completed. (0x12B)
[0723/022428.019:ERROR:process_memory_win.cc(73)] ReadMemory at 0x1e01ac87020 of 512 bytes failed: Only part of a ReadProcessMemory or WriteProcessMemory request was completed. (0x12B)
[0723/022428.019:ERROR:process_memory_win.cc(73)] ReadMemory at 0x1e01acaed03 of 512 bytes failed: Only part of a ReadProcessMemory or WriteProcessMemory request was completed. (0x12B)
[0723/022428.019:ERROR:process_memory_win.cc(73)] ReadMemory at 0x1e01acbb990 of 512 bytes failed: Only part of a ReadProcessMemory or WriteProcessMemory request was completed. (0x12B)
[0723/022428.019:ERROR:process_memory_win.cc(73)] ReadMemory at 0x1e01acbbdd0 of 512 bytes failed: Only part of a ReadProcessMemory or WriteProcessMemory request was completed. (0x12B)
[0723/022428.019:ERROR:process_memory_win.cc(73)] ReadMemory at 0x1e01acdcf80 of 512 bytes failed: Only part of a ReadProcessMemory or WriteProcessMemory request was completed. (0x12B)
[0723/022428.019:ERROR:process_memory_win.cc(73)] ReadMemory at 0x1e01acde270 of 512 bytes failed: Only part of a ReadProcessMemory or WriteProcessMemory request was completed. (0x12B)
[0723/022428.019:ERROR:process_memory_win.cc(73)] ReadMemory at 0x1e01acdf8a0 of 712 bytes failed: Only part of a ReadProcessMemory or WriteProcessMemory request was completed. (0x12B)
[0723/022428.019:ERROR:process_memory_win.cc(73)] ReadMemory at 0x1e01acf7510 of 512 bytes failed: Only part of a ReadProcessMemory or WriteProcessMemory request was completed. (0x12B)
[0723/022428.019:ERROR:process_memory_win.cc(73)] ReadMemory at 0x1e01ad0be30 of 512 bytes failed: Only part of a ReadProcessMemory or WriteProcessMemory request was completed. (0x12B)
[0723/022428.019:ERROR:process_memory_win.cc(73)] ReadMemory at 0x1e01c5f0000 of 384 bytes failed: Only part of a ReadProcessMemory or WriteProcessMemory request was completed. (0x12B)
[0723/022428.019:ERROR:process_memory_win.cc(73)] ReadMemory at 0x1e01c60e7b0 of 512 bytes failed: Only part of a ReadProcessMemory or WriteProcessMemory request was completed. (0x12B)
[0723/022428.019:ERROR:process_memory_win.cc(73)] ReadMemory at 0x1e01c6e2a80 of 512 bytes failed: Only part of a ReadProcessMemory or WriteProcessMemory request was completed. (0x12B)
[0723/022428.020:ERROR:process_memory_win.cc(73)] ReadMemory at 0x1e01d04c660 of 512 bytes failed: Only part of a ReadProcessMemory or WriteProcessMemory request was completed. (0x12B)
[0723/022428.020:ERROR:process_memory_win.cc(73)] ReadMemory at 0x3cf3fe689de8 of 512 bytes failed: Only part of a ReadProcessMemory or WriteProcessMemory request was completed. (0x12B)
[0723/022428.020:ERROR:process_memory_win.cc(73)] ReadMemory at 0x3cf3fe86ef80 of 512 bytes failed: Only part of a ReadProcessMemory or WriteProcessMemory request was completed. (0x12B)
[0723/022428.020:ERROR:process_memory_win.cc(73)] ReadMemory at 0x3cf3fe8fff80 of 512 bytes failed: Only part of a ReadProcessMemory or WriteProcessMemory request was completed. (0x12B)
[0723/022428.020:ERROR:process_memory_win.cc(73)] ReadMemory at 0x3cf3fe90d17e of 522 bytes failed: Only part of a ReadProcessMemory or WriteProcessMemory request was completed. (0x12B)
[0723/022428.020:ERROR:process_memory_win.cc(73)] ReadMemory at 0x3cf3fe90f7be of 512 bytes failed: Only part of a ReadProcessMemory or WriteProcessMemory request was completed. (0x12B)
[0723/022428.020:ERROR:process_memory_win.cc(73)] ReadMemory at 0x3cf3fe913f80 of 512 bytes failed: Only part of a ReadProcessMemory or WriteProcessMemory request was completed. (0x12B)
[0723/022428.020:ERROR:process_memory_win.cc(73)] ReadMemory at 0x4cca58a5ff80 of 512 bytes failed: Only part of a ReadProcessMemory or WriteProcessMemory request was completed. (0x12B)
[0723/022428.020:ERROR:process_memory_win.cc(73)] ReadMemory at 0x4cca58ea3f80 of 512 bytes failed: Only part of a ReadProcessMemory or WriteProcessMemory request was completed. (0x12B)
[0723/022428.020:ERROR:process_memory_win.cc(73)] ReadMemory at 0x7ffe824ef604 of 512 bytes failed: Only part of a ReadProcessMemory or WriteProcessMemory request was completed. (0x12B)
[0723/022428.020:ERROR:process_memory_win.cc(73)] ReadMemory at 0x7ffe828a968c of 512 bytes failed: Only part of a ReadProcessMemory or WriteProcessMemory request was completed. (0x12B)
[0723/022428.020:ERROR:process_memory_win.cc(73)] ReadMemory at 0x7ffe829cc7ad of 512 bytes failed: Only part of a ReadProcessMemory or WriteProcessMemory request was completed. (0x12B)
[0723/022428.020:ERROR:process_memory_win.cc(73)] ReadMemory at 0x7ffe8384e4f1 of 512 bytes failed: Only part of a ReadProcessMemory or WriteProcessMemory request was completed. (0x12B)
[0723/022428.020:ERROR:process_memory_win.cc(73)] ReadMemory at 0x7ffe86d9a47b of 512 bytes failed: Only part of a ReadProcessMemory or WriteProcessMemory request was completed. (0x12B)
[0723/022428.020:ERROR:process_memory_win.cc(73)] ReadMemory at 0x7ffe87b88f78 of 512 bytes failed: Only part of a ReadProcessMemory or WriteProcessMemory request was completed. (0x12B)
[0723/022428.020:ERROR:process_memory_win.cc(73)] ReadMemory at 0x7ffef316b6d0 of 512 bytes failed: Only part of a ReadProcessMemory or WriteProcessMemory request was completed. (0x12B)
[0723/022428.020:ERROR:process_memory_win.cc(73)] ReadMemory at 0x7ffef52bc0c4 of 672 bytes failed: Only part of a ReadProcessMemory or WriteProcessMemory request was completed. (0x12B)
[0723/022428.021:ERROR:process_memory_win.cc(73)] ReadMemory at 0x7ffef52bc6c4 of 512 bytes failed: Only part of a ReadProcessMemory or WriteProcessMemory request was completed. (0x12B)
[0723/022428.021:ERROR:process_memory_win.cc(73)] ReadMemory at 0x7ffef52bf974 of 608 bytes failed: Only part of a ReadProcessMemory or WriteProcessMemory request was completed. (0x12B)
[0723/022428.021:ERROR:process_memory_win.cc(73)] ReadMemory at 0x7ffef534c428 of 18 bytes failed: Only part of a ReadProcessMemory or WriteProcessMemory request was completed. (0x12B)
[0723/022428.021:ERROR:process_memory_win.cc(73)] ReadMemory at 0x7ffef537f4f8 of 40 bytes failed: Only part of a ReadProcessMemory or WriteProcessMemory request was completed. (0x12B)
[0723/022428.021:ERROR:process_memory_win.cc(73)] ReadMemory at 0x7ffef537f978 of 48 bytes failed: Only part of a ReadProcessMemory or WriteProcessMemory request was completed. (0x12B)
[0723/022428.021:ERROR:process_memory_win.cc(73)] ReadMemory at 0x7ffef53853c0 of 64 bytes failed: Only part of a ReadProcessMemory or WriteProcessMemory request was completed. (0x12B)
[0723/022428.022:ERROR:scoped_process_suspend.cc(40)] NtResumeProcess: An attempt was made to access an exiting process. (0xc000010a)
